<?xml version="1.0" encoding="UTF-8"?>
<coverage generated="1768608636163" clover="3.2.0">
  <project timestamp="1768608636163" name="All files">
    <metrics statements="21" coveredstatements="21" conditionals="8" coveredconditionals="8" methods="10" coveredmethods="10" elements="39" coveredelements="39" complexity="0" loc="21" ncloc="21" packages="3" files="4" classes="4"/>
    <package name="Admonition">
      <metrics statements="13" coveredstatements="13" conditionals="2" coveredconditionals="2" methods="5" coveredmethods="5"/>
      <file name="Types.tsx" path="/work/src/theme/Admonition/Types.tsx">
        <metrics statements="5" coveredstatements="5" conditionals="0" coveredconditionals="0" methods="3" coveredmethods="3"/>
        <line num="10" count="1" type="stmt"/>
        <line num="21" count="1" type="stmt"/>
        <line num="22" count="1" type="stmt"/>
        <line num="23" count="1" type="stmt"/>
        <line num="24" count="1" type="stmt"/>
      </file>
      <file name="index.tsx" path="/work/src/theme/Admonition/index.tsx">
        <metrics statements="8" coveredstatements="8" conditionals="2" coveredconditionals="2" methods="2" coveredmethods="2"/>
        <line num="7" count="13" type="stmt"/>
        <line num="8" count="13" type="cond" truecount="2" falsecount="0"/>
        <line num="9" count="12" type="stmt"/>
        <line num="11" count="1" type="stmt"/>
        <line num="14" count="1" type="stmt"/>
        <line num="18" count="13" type="stmt"/>
        <line num="19" count="13" type="stmt"/>
        <line num="20" count="13" type="stmt"/>
      </file>
    </package>
    <package name="Admonition.Layout">
      <metrics statements="5" coveredstatements="5" conditionals="6" coveredconditionals="6" methods="4" coveredmethods="4"/>
      <file name="index.tsx" path="/work/src/theme/Admonition/Layout/index.tsx">
        <metrics statements="5" coveredstatements="5" conditionals="6" coveredconditionals="6" methods="4" coveredmethods="4"/>
        <line num="14" count="14" type="stmt"/>
        <line num="29" count="13" type="stmt"/>
        <line num="38" count="14" type="cond" truecount="2" falsecount="0"/>
        <line num="44" count="14" type="stmt"/>
        <line num="45" count="14" type="stmt"/>
      </file>
    </package>
    <package name="Admonition.Type">
      <metrics statements="3" coveredstatements="3" conditionals="0" coveredconditionals="0" methods="1" coveredmethods="1"/>
      <file name="Danger.tsx" path="/work/src/theme/Admonition/Type/Danger.tsx">
        <metrics statements="3" coveredstatements="3" conditionals="0" coveredconditionals="0" methods="1" coveredmethods="1"/>
        <line num="8" count="1" type="stmt"/>
        <line num="10" count="1" type="stmt"/>
        <line num="22" count="6" type="stmt"/>
      </file>
    </package>
  </project>
</coverage>
