{"/work/src/theme/Admonition/Types.tsx": {"path":"/work/src/theme/Admonition/Types.tsx","statementMap":{"0":{"start":{"line":10,"column":48},"end":{"line":16,"column":1}},"1":{"start":{"line":21,"column":50},"end":{"line":26,"column":1}},"2":{"start":{"line":22,"column":24},"end":{"line":22,"column":75}},"3":{"start":{"line":23,"column":24},"end":{"line":23,"column":75}},"4":{"start":{"line":24,"column":22},"end":{"line":24,"column":70}}},"fnMap":{"0":{"name":"(anonymous_0)","decl":{"start":{"line":22,"column":13},"end":{"line":22,"column":14}},"loc":{"start":{"line":22,"column":24},"end":{"line":22,"column":75}},"line":22},"1":{"name":"(anonymous_1)","decl":{"start":{"line":23,"column":13},"end":{"line":23,"column":14}},"loc":{"start":{"line":23,"column":24},"end":{"line":23,"column":75}},"line":23},"2":{"name":"(anonymous_2)","decl":{"start":{"line":24,"column":11},"end":{"line":24,"column":12}},"loc":{"start":{"line":24,"column":22},"end":{"line":24,"column":70}},"line":24}},"branchMap":{},"s":{"0":1,"1":1,"2":1,"3":1,"4":1},"f":{"0":1,"1":1,"2":1},"b":{},"_coverageSchema":"1a1c01bbd47fc00a2c39e90264f33305004495a9","hash":"006d67cce7f524ec3c2b53b31fe3a71f779576a4"}
,"/work/src/theme/Admonition/index.tsx": {"path":"/work/src/theme/Admonition/index.tsx","statementMap":{"0":{"start":{"line":7,"column":20},"end":{"line":7,"column":41}},"1":{"start":{"line":8,"column":2},"end":{"line":10,"column":3}},"2":{"start":{"line":9,"column":4},"end":{"line":9,"column":21}},"3":{"start":{"line":11,"column":2},"end":{"line":13,"column":4}},"4":{"start":{"line":14,"column":2},"end":{"line":14,"column":31}},"5":{"start":{"line":18,"column":16},"end":{"line":18,"column":56}},"6":{"start":{"line":19,"column":34},"end":{"line":19,"column":72}},"7":{"start":{"line":20,"column":2},"end":{"line":20,"column":48}}},"fnMap":{"0":{"name":"getAdmonitionTypeComponent","decl":{"start":{"line":6,"column":9},"end":{"line":6,"column":35}},"loc":{"start":{"line":6,"column":72},"end":{"line":15,"column":1}},"line":6},"1":{"name":"Admonition","decl":{"start":{"line":17,"column":24},"end":{"line":17,"column":34}},"loc":{"start":{"line":17,"column":71},"end":{"line":21,"column":1}},"line":17}},"branchMap":{"0":{"loc":{"start":{"line":8,"column":2},"end":{"line":10,"column":3}},"type":"if","locations":[{"start":{"line":8,"column":2},"end":{"line":10,"column":3}},{"start":{},"end":{}}],"line":8}},"s":{"0":13,"1":13,"2":12,"3":1,"4":1,"5":13,"6":13,"7":13},"f":{"0":13,"1":13},"b":{"0":[12,1]},"_coverageSchema":"1a1c01bbd47fc00a2c39e90264f33305004495a9","hash":"2435706439c71be1ff2355d9995c128ef2b5e1aa"}
,"/work/src/theme/Admonition/Layout/index.tsx": {"path":"/work/src/theme/Admonition/Layout/index.tsx","statementMap":{"0":{"start":{"line":14,"column":2},"end":{"line":25,"column":4}},"1":{"start":{"line":29,"column":2},"end":{"line":34,"column":4}},"2":{"start":{"line":38,"column":2},"end":{"line":40,"column":11}},"3":{"start":{"line":44,"column":53},"end":{"line":44,"column":58}},"4":{"start":{"line":45,"column":2},"end":{"line":50,"column":4}}},"fnMap":{"0":{"name":"AdmonitionContainer","decl":{"start":{"line":9,"column":9},"end":{"line":9,"column":28}},"loc":{"start":{"line":13,"column":64},"end":{"line":26,"column":1}},"line":13},"1":{"name":"AdmonitionHeading","decl":{"start":{"line":28,"column":9},"end":{"line":28,"column":26}},"loc":{"start":{"line":28,"column":75},"end":{"line":35,"column":1}},"line":28},"2":{"name":"AdmonitionContent","decl":{"start":{"line":37,"column":9},"end":{"line":37,"column":26}},"loc":{"start":{"line":37,"column":66},"end":{"line":41,"column":1}},"line":37},"3":{"name":"AdmonitionLayout","decl":{"start":{"line":43,"column":24},"end":{"line":43,"column":40}},"loc":{"start":{"line":43,"column":66},"end":{"line":51,"column":1}},"line":43}},"branchMap":{"0":{"loc":{"start":{"line":38,"column":9},"end":{"line":40,"column":10}},"type":"cond-expr","locations":[{"start":{"line":39,"column":4},"end":{"line":39,"column":62}},{"start":{"line":40,"column":6},"end":{"line":40,"column":10}}],"line":38},"1":{"loc":{"start":{"line":47,"column":7},"end":{"line":47,"column":77}},"type":"cond-expr","locations":[{"start":{"line":47,"column":23},"end":{"line":47,"column":70}},{"start":{"line":47,"column":73},"end":{"line":47,"column":77}}],"line":47},"2":{"loc":{"start":{"line":47,"column":7},"end":{"line":47,"column":20}},"type":"binary-expr","locations":[{"start":{"line":47,"column":7},"end":{"line":47,"column":12}},{"start":{"line":47,"column":16},"end":{"line":47,"column":20}}],"line":47}},"s":{"0":14,"1":13,"2":14,"3":14,"4":14},"f":{"0":14,"1":13,"2":14,"3":14},"b":{"0":[13,1],"1":[13,1],"2":[14,7]},"_coverageSchema":"1a1c01bbd47fc00a2c39e90264f33305004495a9","hash":"4c188a56375bd7bad8355700bf9c8ede7f85d15d"}
,"/work/src/theme/Admonition/Type/Danger.tsx": {"path":"/work/src/theme/Admonition/Type/Danger.tsx","statementMap":{"0":{"start":{"line":8,"column":24},"end":{"line":8,"column":45}},"1":{"start":{"line":10,"column":21},"end":{"line":19,"column":1}},"2":{"start":{"line":22,"column":2},"end":{"line":29,"column":4}}},"fnMap":{"0":{"name":"AdmonitionTypeDanger","decl":{"start":{"line":21,"column":24},"end":{"line":21,"column":44}},"loc":{"start":{"line":21,"column":70},"end":{"line":30,"column":1}},"line":21}},"branchMap":{},"s":{"0":1,"1":1,"2":6},"f":{"0":6},"b":{},"_coverageSchema":"1a1c01bbd47fc00a2c39e90264f33305004495a9","hash":"53f1b12070b668c1acda00b97def3acd27bb7fbe"}
}
