TN:
SF:src/theme/Admonition/Types.tsx
FN:22,(anonymous_0)
FN:23,(anonymous_1)
FN:24,(anonymous_2)
FNF:3
FNH:3
FNDA:1,(anonymous_0)
FNDA:1,(anonymous_1)
FNDA:1,(anonymous_2)
DA:10,1
DA:21,1
DA:22,1
DA:23,1
DA:24,1
LF:5
LH:5
BRF:0
BRH:0
end_of_record
TN:
SF:src/theme/Admonition/index.tsx
FN:6,getAdmonitionTypeComponent
FN:17,Admonition
FNF:2
FNH:2
FNDA:13,getAdmonitionTypeComponent
FNDA:13,Admonition
DA:7,13
DA:8,13
DA:9,12
DA:11,1
DA:14,1
DA:18,13
DA:19,13
DA:20,13
LF:8
LH:8
BRDA:8,0,0,12
BRDA:8,0,1,1
BRF:2
BRH:2
end_of_record
TN:
SF:src/theme/Admonition/Layout/index.tsx
FN:9,AdmonitionContainer
FN:28,AdmonitionHeading
FN:37,AdmonitionContent
FN:43,AdmonitionLayout
FNF:4
FNH:4
FNDA:14,AdmonitionContainer
FNDA:13,AdmonitionHeading
FNDA:14,AdmonitionContent
FNDA:14,AdmonitionLayout
DA:14,14
DA:29,13
DA:38,14
DA:44,14
DA:45,14
LF:5
LH:5
BRDA:38,0,0,13
BRDA:38,0,1,1
BRDA:47,1,0,13
BRDA:47,1,1,1
BRDA:47,2,0,14
BRDA:47,2,1,7
BRF:6
BRH:6
end_of_record
TN:
SF:src/theme/Admonition/Type/Danger.tsx
FN:21,AdmonitionTypeDanger
FNF:1
FNH:1
FNDA:6,AdmonitionTypeDanger
DA:8,1
DA:10,1
DA:22,6
LF:3
LH:3
BRF:0
BRH:0
end_of_record
